# JRE version: Java(TM) SE Runtime Environment (8.0_144-b01) (build 1.8.0_144-b01)
# Java VM: Java HotSpot(TM) 64-Bit Server VM (25.144-b01 mixed mode bsd-amd64 compressed oops)
Heap:
 PSYoungGen      total 192512K, used 172576K [0x0000000795580000, 0x00000007a6c00000, 0x00000007c0000000)
  eden space 174592K, 98% used [0x0000000795580000,0x000000079fe08038,0x00000007a0000000)
  from space 17920K, 0% used [0x00000007a0000000,0x00000007a0000000,0x00000007a1180000)
  to   space 19456K, 0% used [0x00000007a5900000,0x00000007a5900000,0x00000007a6c00000)
 ParOldGen       total 103936K, used 29223K [0x0000000740000000, 0x0000000746580000, 0x0000000795580000)
  object space 103936K, 28% used [0x0000000740000000,0x0000000741c89ef8,0x0000000746580000)
 Metaspace       used 44185K, capacity 44964K, committed 45440K, reserved 1089536K
  class space    used 5561K, capacity 5759K, committed 5760K, reserved 1048576K
GC Heap History (10 events):
Event: 2.583 GC heap before
{Heap before GC invocations=7 (full 1):
 PSYoungGen      total 71680K, used 66560K [0x0000000795580000, 0x000000079e980000, 0x00000007c0000000)
  eden space 66560K, 100% used [0x0000000795580000,0x0000000799680000,0x0000000799680000)
  from space 5120K, 0% used [0x0000000799680000,0x0000000799680000,0x0000000799b80000)
  to   space 9216K, 0% used [0x000000079e080000,0x000000079e080000,0x000000079e980000)
 ParOldGen       total 56832K, used 8307K [0x0000000740000000, 0x0000000743780000, 0x0000000795580000)
  object space 56832K, 14% used [0x0000000740000000,0x000000074081ce30,0x0000000743780000)
 Metaspace       used 23753K, capacity 24168K, committed 24576K, reserved 1071104K
  class space    used 3095K, capacity 3203K, committed 3328K, reserved 1048576K
Event: 2.588 GC heap after
Heap after GC invocations=7 (full 1):
 PSYoungGen      total 113664K, used 4834K [0x0000000795580000, 0x000000079e580000, 0x00000007c0000000)
  eden space 108544K, 0% used [0x0000000795580000,0x0000000795580000,0x000000079bf80000)
  from space 5120K, 94% used [0x000000079e080000,0x000000079e538b10,0x000000079e580000)
  to   space 9216K, 0% used [0x000000079d380000,0x000000079d380000,0x000000079dc80000)
 ParOldGen       total 56832K, used 8315K [0x0000000740000000, 0x0000000743780000, 0x0000000795580000)
  object space 56832K, 14% used [0x0000000740000000,0x000000074081ee30,0x0000000743780000)
 Metaspace       used 23753K, capacity 24168K, committed 24576K, reserved 1071104K
  class space    used 3095K, capacity 3203K, committed 3328K, reserved 1048576K
}
Event: 3.327 GC heap before
{Heap before GC invocations=8 (full 1):
 PSYoungGen      total 113664K, used 113378K [0x0000000795580000, 0x000000079e580000, 0x00000007c0000000)
  eden space 108544K, 100% used [0x0000000795580000,0x000000079bf80000,0x000000079bf80000)
  from space 5120K, 94% used [0x000000079e080000,0x000000079e538b10,0x000000079e580000)
  to   space 9216K, 0% used [0x000000079d380000,0x000000079d380000,0x000000079dc80000)
 ParOldGen       total 56832K, used 8315K [0x0000000740000000, 0x0000000743780000, 0x0000000795580000)
  object space 56832K, 14% used [0x0000000740000000,0x000000074081ee30,0x0000000743780000)
 Metaspace       used 27862K, capacity 28326K, committed 28544K, reserved 1075200K
  class space    used 3565K, capacity 3688K, committed 3712K, reserved 1048576K
Event: 3.350 GC heap after
Heap after GC invocations=8 (full 1):
 PSYoungGen      total 138240K, used 9208K [0x0000000795580000, 0x00000007a2080000, 0x00000007c0000000)
  eden space 129024K, 0% used [0x0000000795580000,0x0000000795580000,0x000000079d380000)
  from space 9216K, 99% used [0x000000079d380000,0x000000079dc7e070,0x000000079dc80000)
  to   space 15360K, 0% used [0x00000007a1180000,0x00000007a1180000,0x00000007a2080000)
 ParOldGen       total 56832K, used 18564K [0x0000000740000000, 0x0000000743780000, 0x0000000795580000)
  object space 56832K, 32% used [0x0000000740000000,0x0000000741221048,0x0000000743780000)
 Metaspace       used 27862K, capacity 28326K, committed 28544K, reserved 1075200K
  class space    used 3565K, capacity 3688K, committed 3712K, reserved 1048576K
}
Event: 3.905 GC heap before
{Heap before GC invocations=9 (full 1):
 PSYoungGen      total 138240K, used 138232K [0x0000000795580000, 0x00000007a2080000, 0x00000007c0000000)
  eden space 129024K, 100% used [0x0000000795580000,0x000000079d380000,0x000000079d380000)
  from space 9216K, 99% used [0x000000079d380000,0x000000079dc7e070,0x000000079dc80000)
  to   space 15360K, 0% used [0x00000007a1180000,0x00000007a1180000,0x00000007a2080000)
 ParOldGen       total 56832K, used 18564K [0x0000000740000000, 0x0000000743780000, 0x0000000795580000)
  object space 56832K, 32% used [0x0000000740000000,0x0000000741221048,0x0000000743780000)
 Metaspace       used 32395K, capacity 32922K, committed 33280K, reserved 1079296K
  class space    used 4140K, capacity 4287K, committed 4352K, reserved 1048576K
Event: 3.920 GC heap after
Heap after GC invocations=9 (full 1):
 PSYoungGen      total 189952K, used 15356K [0x0000000795580000, 0x00000007a4600000, 0x00000007c0000000)
  eden space 174592K, 0% used [0x0000000795580000,0x0000000795580000,0x00000007a0000000)
  from space 15360K, 99% used [0x00000007a1180000,0x00000007a207f278,0x00000007a2080000)
  to   space 17920K, 0% used [0x00000007a0000000,0x00000007a0000000,0x00000007a1180000)
 ParOldGen       total 56832K, used 18697K [0x0000000740000000, 0x0000000743780000, 0x0000000795580000)
  object space 56832K, 32% used [0x0000000740000000,0x0000000741242610,0x0000000743780000)
 Metaspace       used 32395K, capacity 32922K, committed 33280K, reserved 1079296K
  class space    used 4140K, capacity 4287K, committed 4352K, reserved 1048576K
}
Event: 4.356 GC heap before
{Heap before GC invocations=10 (full 1):
 PSYoungGen      total 189952K, used 156437K [0x0000000795580000, 0x00000007a4600000, 0x00000007c0000000)
  eden space 174592K, 80% used [0x0000000795580000,0x000000079df464c0,0x00000007a0000000)
  from space 15360K, 99% used [0x00000007a1180000,0x00000007a207f278,0x00000007a2080000)
  to   space 17920K, 0% used [0x00000007a0000000,0x00000007a0000000,0x00000007a1180000)
 ParOldGen       total 56832K, used 18697K [0x0000000740000000, 0x0000000743780000, 0x0000000795580000)
  object space 56832K, 32% used [0x0000000740000000,0x0000000741242610,0x0000000743780000)
 Metaspace       used 34538K, capacity 35012K, committed 35416K, reserved 1081344K
  class space    used 4360K, capacity 4486K, committed 4608K, reserved 1048576K
Event: 4.383 GC heap after
Heap after GC invocations=10 (full 1):
 PSYoungGen      total 192512K, used 15676K [0x0000000795580000, 0x00000007a6c00000, 0x00000007c0000000)
  eden space 174592K, 0% used [0x0000000795580000,0x0000000795580000,0x00000007a0000000)
  from space 17920K, 87% used [0x00000007a0000000,0x00000007a0f4f348,0x00000007a1180000)
  to   space 19456K, 0% used [0x00000007a5900000,0x00000007a5900000,0x00000007a6c00000)
 ParOldGen       total 56832K, used 21029K [0x0000000740000000, 0x0000000743780000, 0x0000000795580000)
  object space 56832K, 37% used [0x0000000740000000,0x0000000741489620,0x0000000743780000)
 Metaspace       used 34538K, capacity 35012K, committed 35416K, reserved 1081344K
  class space    used 4360K, capacity 4486K, committed 4608K, reserved 1048576K
}
Event: 4.383 GC heap before
{Heap before GC invocations=11 (full 2):
 PSYoungGen      total 192512K, used 15676K [0x0000000795580000, 0x00000007a6c00000, 0x00000007c0000000)
  eden space 174592K, 0% used [0x0000000795580000,0x0000000795580000,0x00000007a0000000)
  from space 17920K, 87% used [0x00000007a0000000,0x00000007a0f4f348,0x00000007a1180000)
  to   space 19456K, 0% used [0x00000007a5900000,0x00000007a5900000,0x00000007a6c00000)
 ParOldGen       total 56832K, used 21029K [0x0000000740000000, 0x0000000743780000, 0x0000000795580000)
  object space 56832K, 37% used [0x0000000740000000,0x0000000741489620,0x0000000743780000)
 Metaspace       used 34538K, capacity 35012K, committed 35416K, reserved 1081344K
  class space    used 4360K, capacity 4486K, committed 4608K, reserved 1048576K
Event: 4.522 GC heap after
Heap after GC invocations=11 (full 2):
 PSYoungGen      total 192512K, used 0K [0x0000000795580000, 0x00000007a6c00000, 0x00000007c0000000)
  eden space 174592K, 0% used [0x0000000795580000,0x0000000795580000,0x00000007a0000000)
  from space 17920K, 0% used [0x00000007a0000000,0x00000007a0000000,0x00000007a1180000)
  to   space 19456K, 0% used [0x00000007a5900000,0x00000007a5900000,0x00000007a6c00000)
 ParOldGen       total 103936K, used 29223K [0x0000000740000000, 0x0000000746580000, 0x0000000795580000)
  object space 103936K, 28% used [0x0000000740000000,0x0000000741c89ef8,0x0000000746580000)
 Metaspace       used 34538K, capacity 35012K, committed 35416K, reserved 1081344K
  class space    used 4360K, capacity 4486K, committed 4608K, reserved 1048576K
}

